<?xml version="1.0" encoding="UTF-8"?>
<!-- Generated by org.testng.reporters.JUnitReportReporter -->
<testsuite hostname="Hacker" name="undostres.Recharge" tests="1" failures="0" timestamp="29 Aug 2020 17:05:46 GMT" time="93.905" errors="0">
  <testcase name="recharge" time="93.905" classname="undostres.Recharge"/>
</testsuite> <!-- undostres.Recharge -->
